<?xml version="1.0" encoding="UTF-8"?>
<coverage generated="1769784617317" clover="3.2.0">
  <project timestamp="1769784617317" name="All files">
    <metrics statements="43" coveredstatements="35" conditionals="14" coveredconditionals="9" methods="11" coveredmethods="8" elements="68" coveredelements="52" complexity="0" loc="43" ncloc="43" packages="1" files="1" classes="1"/>
    <file name="app.js" path="C:\Users\celes\Documents\DEV\Git\api-todo-ci\app.js">
      <metrics statements="43" coveredstatements="35" conditionals="14" coveredconditionals="9" methods="11" coveredmethods="8"/>
      <line num="1" count="1" type="stmt"/>
      <line num="2" count="1" type="stmt"/>
      <line num="6" count="1" type="stmt"/>
      <line num="9" count="1" type="stmt"/>
      <line num="13" count="1" type="stmt"/>
      <line num="18" count="1" type="stmt"/>
      <line num="19" count="1" type="stmt"/>
      <line num="34" count="1" type="stmt"/>
      <line num="35" count="1" type="stmt"/>
      <line num="42" count="1" type="stmt"/>
      <line num="43" count="2" type="stmt"/>
      <line num="44" count="3" type="stmt"/>
      <line num="46" count="2" type="cond" truecount="2" falsecount="0"/>
      <line num="47" count="1" type="stmt"/>
      <line num="50" count="1" type="stmt"/>
      <line num="54" count="1" type="stmt"/>
      <line num="55" count="2" type="stmt"/>
      <line num="58" count="2" type="cond" truecount="4" falsecount="0"/>
      <line num="59" count="1" type="stmt"/>
      <line num="62" count="1" type="stmt"/>
      <line num="68" count="1" type="stmt"/>
      <line num="70" count="1" type="stmt"/>
      <line num="77" count="1" type="stmt"/>
      <line num="78" count="1" type="stmt"/>
      <line num="79" count="1" type="stmt"/>
      <line num="81" count="1" type="stmt"/>
      <line num="83" count="1" type="cond" truecount="1" falsecount="1"/>
      <line num="84" count="0" type="stmt"/>
      <line num="88" count="1" type="cond" truecount="1" falsecount="1"/>
      <line num="89" count="1" type="cond" truecount="1" falsecount="1"/>
      <line num="91" count="1" type="stmt"/>
      <line num="98" count="1" type="stmt"/>
      <line num="99" count="0" type="stmt"/>
      <line num="100" count="0" type="stmt"/>
      <line num="102" count="0" type="cond" truecount="0" falsecount="2"/>
      <line num="103" count="0" type="stmt"/>
      <line num="106" count="0" type="stmt"/>
      <line num="108" count="0" type="stmt"/>
      <line num="112" count="1" type="stmt"/>
      <line num="113" count="1" type="stmt"/>
      <line num="122" count="1" type="stmt"/>
      <line num="123" count="0" type="stmt"/>
      <line num="126" count="1" type="stmt"/>
    </file>
  </project>
</coverage>
