{"C:\\Users\\celes\\Documents\\DEV\\Git\\api-todo-ci\\app.js": {"path":"C:\\Users\\celes\\Documents\\DEV\\Git\\api-todo-ci\\app.js","statementMap":{"0":{"start":{"line":1,"column":16},"end":{"line":1,"column":34}},"1":{"start":{"line":2,"column":12},"end":{"line":2,"column":21}},"2":{"start":{"line":6,"column":0},"end":{"line":6,"column":24}},"3":{"start":{"line":9,"column":12},"end":{"line":12,"column":1}},"4":{"start":{"line":13,"column":13},"end":{"line":13,"column":14}},"5":{"start":{"line":18,"column":0},"end":{"line":31,"column":3}},"6":{"start":{"line":19,"column":4},"end":{"line":30,"column":7}},"7":{"start":{"line":34,"column":0},"end":{"line":39,"column":3}},"8":{"start":{"line":35,"column":4},"end":{"line":38,"column":7}},"9":{"start":{"line":42,"column":0},"end":{"line":51,"column":3}},"10":{"start":{"line":43,"column":15},"end":{"line":43,"column":38}},"11":{"start":{"line":44,"column":17},"end":{"line":44,"column":45}},"12":{"start":{"line":44,"column":33},"end":{"line":44,"column":44}},"13":{"start":{"line":46,"column":4},"end":{"line":48,"column":5}},"14":{"start":{"line":47,"column":8},"end":{"line":47,"column":66}},"15":{"start":{"line":50,"column":4},"end":{"line":50,"column":19}},"16":{"start":{"line":54,"column":0},"end":{"line":74,"column":3}},"17":{"start":{"line":55,"column":22},"end":{"line":55,"column":30}},"18":{"start":{"line":58,"column":4},"end":{"line":60,"column":5}},"19":{"start":{"line":59,"column":8},"end":{"line":59,"column":70}},"20":{"start":{"line":62,"column":20},"end":{"line":66,"column":5}},"21":{"start":{"line":68,"column":4},"end":{"line":68,"column":24}},"22":{"start":{"line":70,"column":4},"end":{"line":73,"column":7}},"23":{"start":{"line":77,"column":0},"end":{"line":95,"column":3}},"24":{"start":{"line":78,"column":15},"end":{"line":78,"column":38}},"25":{"start":{"line":79,"column":33},"end":{"line":79,"column":41}},"26":{"start":{"line":81,"column":17},"end":{"line":81,"column":45}},"27":{"start":{"line":81,"column":33},"end":{"line":81,"column":44}},"28":{"start":{"line":83,"column":4},"end":{"line":85,"column":5}},"29":{"start":{"line":84,"column":8},"end":{"line":84,"column":66}},"30":{"start":{"line":88,"column":4},"end":{"line":88,"column":55}},"31":{"start":{"line":88,"column":29},"end":{"line":88,"column":55}},"32":{"start":{"line":89,"column":4},"end":{"line":89,"column":60}},"33":{"start":{"line":89,"column":33},"end":{"line":89,"column":60}},"34":{"start":{"line":91,"column":4},"end":{"line":94,"column":7}},"35":{"start":{"line":98,"column":0},"end":{"line":109,"column":3}},"36":{"start":{"line":99,"column":15},"end":{"line":99,"column":38}},"37":{"start":{"line":100,"column":18},"end":{"line":100,"column":51}},"38":{"start":{"line":100,"column":39},"end":{"line":100,"column":50}},"39":{"start":{"line":102,"column":4},"end":{"line":104,"column":5}},"40":{"start":{"line":103,"column":8},"end":{"line":103,"column":66}},"41":{"start":{"line":106,"column":4},"end":{"line":106,"column":27}},"42":{"start":{"line":108,"column":4},"end":{"line":108,"column":27}},"43":{"start":{"line":112,"column":0},"end":{"line":119,"column":3}},"44":{"start":{"line":113,"column":4},"end":{"line":118,"column":7}},"45":{"start":{"line":122,"column":0},"end":{"line":124,"column":3}},"46":{"start":{"line":123,"column":4},"end":{"line":123,"column":57}},"47":{"start":{"line":126,"column":0},"end":{"line":126,"column":21}}},"fnMap":{"0":{"name":"(anonymous_0)","decl":{"start":{"line":18,"column":13},"end":{"line":18,"column":14}},"loc":{"start":{"line":18,"column":27},"end":{"line":31,"column":1}},"line":18},"1":{"name":"(anonymous_1)","decl":{"start":{"line":34,"column":18},"end":{"line":34,"column":19}},"loc":{"start":{"line":34,"column":32},"end":{"line":39,"column":1}},"line":34},"2":{"name":"(anonymous_2)","decl":{"start":{"line":42,"column":22},"end":{"line":42,"column":23}},"loc":{"start":{"line":42,"column":36},"end":{"line":51,"column":1}},"line":42},"3":{"name":"(anonymous_3)","decl":{"start":{"line":44,"column":28},"end":{"line":44,"column":29}},"loc":{"start":{"line":44,"column":33},"end":{"line":44,"column":44}},"line":44},"4":{"name":"(anonymous_4)","decl":{"start":{"line":54,"column":19},"end":{"line":54,"column":20}},"loc":{"start":{"line":54,"column":33},"end":{"line":74,"column":1}},"line":54},"5":{"name":"(anonymous_5)","decl":{"start":{"line":77,"column":22},"end":{"line":77,"column":23}},"loc":{"start":{"line":77,"column":36},"end":{"line":95,"column":1}},"line":77},"6":{"name":"(anonymous_6)","decl":{"start":{"line":81,"column":28},"end":{"line":81,"column":29}},"loc":{"start":{"line":81,"column":33},"end":{"line":81,"column":44}},"line":81},"7":{"name":"(anonymous_7)","decl":{"start":{"line":98,"column":25},"end":{"line":98,"column":26}},"loc":{"start":{"line":98,"column":39},"end":{"line":109,"column":1}},"line":98},"8":{"name":"(anonymous_8)","decl":{"start":{"line":100,"column":34},"end":{"line":100,"column":35}},"loc":{"start":{"line":100,"column":39},"end":{"line":100,"column":50}},"line":100},"9":{"name":"(anonymous_9)","decl":{"start":{"line":112,"column":19},"end":{"line":112,"column":20}},"loc":{"start":{"line":112,"column":33},"end":{"line":119,"column":1}},"line":112},"10":{"name":"(anonymous_10)","decl":{"start":{"line":122,"column":8},"end":{"line":122,"column":9}},"loc":{"start":{"line":122,"column":22},"end":{"line":124,"column":1}},"line":122}},"branchMap":{"0":{"loc":{"start":{"line":46,"column":4},"end":{"line":48,"column":5}},"type":"if","locations":[{"start":{"line":46,"column":4},"end":{"line":48,"column":5}},{"start":{},"end":{}}],"line":46},"1":{"loc":{"start":{"line":58,"column":4},"end":{"line":60,"column":5}},"type":"if","locations":[{"start":{"line":58,"column":4},"end":{"line":60,"column":5}},{"start":{},"end":{}}],"line":58},"2":{"loc":{"start":{"line":58,"column":8},"end":{"line":58,"column":37}},"type":"binary-expr","locations":[{"start":{"line":58,"column":8},"end":{"line":58,"column":14}},{"start":{"line":58,"column":18},"end":{"line":58,"column":37}}],"line":58},"3":{"loc":{"start":{"line":83,"column":4},"end":{"line":85,"column":5}},"type":"if","locations":[{"start":{"line":83,"column":4},"end":{"line":85,"column":5}},{"start":{},"end":{}}],"line":83},"4":{"loc":{"start":{"line":88,"column":4},"end":{"line":88,"column":55}},"type":"if","locations":[{"start":{"line":88,"column":4},"end":{"line":88,"column":55}},{"start":{},"end":{}}],"line":88},"5":{"loc":{"start":{"line":89,"column":4},"end":{"line":89,"column":60}},"type":"if","locations":[{"start":{"line":89,"column":4},"end":{"line":89,"column":60}},{"start":{},"end":{}}],"line":89},"6":{"loc":{"start":{"line":102,"column":4},"end":{"line":104,"column":5}},"type":"if","locations":[{"start":{"line":102,"column":4},"end":{"line":104,"column":5}},{"start":{},"end":{}}],"line":102}},"s":{"0":1,"1":1,"2":1,"3":1,"4":1,"5":1,"6":1,"7":1,"8":1,"9":1,"10":2,"11":2,"12":3,"13":2,"14":1,"15":1,"16":1,"17":2,"18":2,"19":1,"20":1,"21":1,"22":1,"23":1,"24":1,"25":1,"26":1,"27":1,"28":1,"29":0,"30":1,"31":0,"32":1,"33":1,"34":1,"35":1,"36":0,"37":0,"38":0,"39":0,"40":0,"41":0,"42":0,"43":1,"44":1,"45":1,"46":0,"47":1},"f":{"0":1,"1":1,"2":2,"3":3,"4":2,"5":1,"6":1,"7":0,"8":0,"9":1,"10":0},"b":{"0":[1,1],"1":[1,1],"2":[2,1],"3":[0,1],"4":[0,1],"5":[1,0],"6":[0,0]},"_coverageSchema":"1a1c01bbd47fc00a2c39e90264f33305004495a9","hash":"e53de46dea0855997e5523acbb317f4851588b0d"}
}
