TN:
SF:app.js
FN:18,(anonymous_0)
FN:34,(anonymous_1)
FN:42,(anonymous_2)
FN:44,(anonymous_3)
FN:54,(anonymous_4)
FN:77,(anonymous_5)
FN:81,(anonymous_6)
FN:98,(anonymous_7)
FN:100,(anonymous_8)
FN:112,(anonymous_9)
FN:122,(anonymous_10)
FNF:11
FNH:8
FNDA:1,(anonymous_0)
FNDA:1,(anonymous_1)
FNDA:2,(anonymous_2)
FNDA:3,(anonymous_3)
FNDA:2,(anonymous_4)
FNDA:1,(anonymous_5)
FNDA:1,(anonymous_6)
FNDA:0,(anonymous_7)
FNDA:0,(anonymous_8)
FNDA:1,(anonymous_9)
FNDA:0,(anonymous_10)
DA:1,1
DA:2,1
DA:6,1
DA:9,1
DA:13,1
DA:18,1
DA:19,1
DA:34,1
DA:35,1
DA:42,1
DA:43,2
DA:44,3
DA:46,2
DA:47,1
DA:50,1
DA:54,1
DA:55,2
DA:58,2
DA:59,1
DA:62,1
DA:68,1
DA:70,1
DA:77,1
DA:78,1
DA:79,1
DA:81,1
DA:83,1
DA:84,0
DA:88,1
DA:89,1
DA:91,1
DA:98,1
DA:99,0
DA:100,0
DA:102,0
DA:103,0
DA:106,0
DA:108,0
DA:112,1
DA:113,1
DA:122,1
DA:123,0
DA:126,1
LF:43
LH:35
BRDA:46,0,0,1
BRDA:46,0,1,1
BRDA:58,1,0,1
BRDA:58,1,1,1
BRDA:58,2,0,2
BRDA:58,2,1,1
BRDA:83,3,0,0
BRDA:83,3,1,1
BRDA:88,4,0,0
BRDA:88,4,1,1
BRDA:89,5,0,1
BRDA:89,5,1,0
BRDA:102,6,0,0
BRDA:102,6,1,0
BRF:14
BRH:9
end_of_record
